<?xml version="1.0" encoding="UTF-8"?>
<!-- Generated by org.testng.reporters.JUnitReportReporter -->
<testsuite hostname="DESKTOP-2JFVC7U" failures="0" tests="1" name="com.at.HtmlCanvasStudio.TestClass" time="1.937" errors="0" timestamp="07 Jul 2022 12:55:45 GMT" skipped="0">
  <testcase classname="com.at.HtmlCanvasStudio.TestClass" name="drawLines" time="1.937"/>
</testsuite> <!-- com.at.HtmlCanvasStudio.TestClass -->
