<?xml version="1.0" encoding="UTF-8"?>
<!-- Generated by org.testng.reporters.JUnitReportReporter -->
<testsuite hostname="DESKTOP-2JFVC7U" failures="0" tests="1" name="com.at.HtmlCanvasStudio.MainClass" time="22.590" errors="0" timestamp="07 Jul 2022 11:13:55 GMT" skipped="0">
  <testcase classname="com.at.HtmlCanvasStudio.MainClass" name="setUp" time="22.590"/>
</testsuite> <!-- com.at.HtmlCanvasStudio.MainClass -->
